<?xml version="1.0" encoding="UTF-8"?>
<!-- Generated by org.testng.reporters.JUnitReportReporter -->
<testsuite hostname="HP" failures="0" tests="1" name="notepadtest.Contact_Test" time="12.789" errors="0" timestamp="2024-03-18T21:27:15 IST" skipped="0">
  <testcase classname="notepadtest.Contact_Test" name="log" time="12.789"/>
</testsuite> <!-- notepadtest.Contact_Test -->
