<?xml version="1.0" encoding="UTF-8"?>
<!-- Generated by org.testng.reporters.JUnitReportReporter -->
<testsuite hostname="HP" failures="0" tests="1" name="compressortest.Test_Class" time="2.509" errors="0" timestamp="2024-03-06T19:47:08 IST" skipped="0">
  <testcase classname="compressortest.Test_Class" name="test" time="2.509"/>
</testsuite> <!-- compressortest.Test_Class -->
