<?xml version="1.0" encoding="UTF-8"?>
<!-- Generated by org.testng.reporters.JUnitReportReporter -->
<testsuite hostname="HP" failures="0" tests="1" name="notepadtest.File_Test" time="22.266" errors="0" timestamp="2024-03-18T20:04:52 IST" skipped="0">
  <testcase classname="notepadtest.File_Test" name="log" time="22.266"/>
</testsuite> <!-- notepadtest.File_Test -->
