<?xml version="1.0" encoding="UTF-8"?>
<!-- Generated by org.testng.reporters.JUnitReportReporter -->
<testsuite hostname="HP" failures="0" tests="1" name="notepadtest.Lang_Test" time="15.978" errors="0" timestamp="2024-03-18T20:06:12 IST" skipped="0">
  <testcase classname="notepadtest.Lang_Test" name="log" time="15.978"/>
</testsuite> <!-- notepadtest.Lang_Test -->
