<?xml version="1.0" encoding="UTF-8"?>
<!-- Generated by org.testng.reporters.JUnitReportReporter -->
<testsuite hostname="HP" failures="0" tests="2" name="notepadtest.Upload_test" time="15.193" errors="0" timestamp="2024-03-18T20:12:48 IST" skipped="0">
  <testcase classname="notepadtest.Upload_test" name="log1" time="7.578"/>
  <testcase classname="notepadtest.Upload_test" name="log" time="7.615"/>
</testsuite> <!-- notepadtest.Upload_test -->
