<?xml version="1.0" encoding="UTF-8"?>
<!-- Generated by org.testng.reporters.JUnitReportReporter -->
<testsuite hostname="HP" failures="0" tests="1" name="notepadtest.Bold_Test" time="54.328" errors="0" timestamp="2024-03-18T21:24:40 IST" skipped="0">
  <testcase classname="notepadtest.Bold_Test" name="log" time="54.328"/>
</testsuite> <!-- notepadtest.Bold_Test -->
