<?xml version="1.0" encoding="UTF-8"?>
<!-- Generated by org.testng.reporters.JUnitReportReporter -->
<testsuite hostname="HP" failures="0" tests="1" name="notepadtest.Testt" time="14.134" errors="0" timestamp="2024-03-09T15:20:33 IST" skipped="0">
  <testcase classname="notepadtest.Testt" name="log" time="14.134"/>
</testsuite> <!-- notepadtest.Testt -->
