<?xml version="1.0" encoding="UTF-8"?>
<!-- Generated by org.testng.reporters.JUnitReportReporter -->
<testsuite hostname="HP" failures="0" tests="1" name="notepadtest.Tab_Test" time="19.141" errors="0" timestamp="2024-03-18T20:10:28 IST" skipped="0">
  <testcase classname="notepadtest.Tab_Test" name="log" time="19.141"/>
</testsuite> <!-- notepadtest.Tab_Test -->
