<?xml version="1.0" encoding="UTF-8"?>
<!-- Generated by org.testng.reporters.JUnitReportReporter -->
<testsuite hostname="HP" failures="0" tests="1" name="notepadtest.Terms_Test" time="71.173" errors="0" timestamp="2024-03-18T20:12:07 IST" skipped="0">
  <testcase classname="notepadtest.Terms_Test" name="log" time="71.173"/>
</testsuite> <!-- notepadtest.Terms_Test -->
