<?xml version="1.0" encoding="UTF-8"?>
<!-- Generated by org.testng.reporters.JUnitReportReporter -->
<testsuite hostname="HP" failures="0" tests="1" name="notepadtest.Search_Test" time="17.665" errors="0" timestamp="2024-03-18T20:08:57 IST" skipped="0">
  <testcase classname="notepadtest.Search_Test" name="log" time="17.665"/>
</testsuite> <!-- notepadtest.Search_Test -->
