<?xml version="1.0" encoding="UTF-8"?>
<!-- Generated by org.testng.reporters.JUnitReportReporter -->
<testsuite hostname="HP" failures="0" tests="1" name="notepadtest.Test_Cla" time="1.242" errors="0" timestamp="2024-03-10T11:11:15 IST" skipped="0">
  <testcase classname="notepadtest.Test_Cla" name="log1" time="1.242"/>
</testsuite> <!-- notepadtest.Test_Cla -->
