<?xml version="1.0" encoding="UTF-8"?>
<!-- Generated by org.testng.reporters.JUnitReportReporter -->
<testsuite hostname="HP" failures="0" tests="1" name="notepadtest.Share_Test" time="11.303" errors="0" timestamp="2024-03-18T20:09:47 IST" skipped="0">
  <testcase classname="notepadtest.Share_Test" name="log" time="11.303"/>
</testsuite> <!-- notepadtest.Share_Test -->
