<?xml version="1.0" encoding="UTF-8"?>
<!-- Generated by org.testng.reporters.JUnitReportReporter -->
<testsuite hostname="HP" failures="0" tests="1" name="amazontest.Amazon_Test" time="3.270" errors="0" timestamp="2024-03-06T17:05:37 IST" skipped="0">
  <testcase classname="amazontest.Amazon_Test" name="eh" time="3.270"/>
</testsuite> <!-- amazontest.Amazon_Test -->
