<?xml version="1.0" encoding="UTF-8"?>
<!-- Generated by org.testng.reporters.JUnitReportReporter -->
<testsuite hostname="HP" failures="0" tests="1" name="notepadtest.Privacy_Test" time="6.502" errors="0" timestamp="2024-03-18T20:08:23 IST" skipped="0">
  <testcase classname="notepadtest.Privacy_Test" name="log" time="6.502"/>
</testsuite> <!-- notepadtest.Privacy_Test -->
